18:51:34.104 [main] DEBUG org.apache.poi.openxml4j.opc.PackageRelationshipCollection - Parsing relationship: /xl/worksheets/_rels/sheet1.xml.rels
18:51:34.119 [main] DEBUG org.apache.poi.openxml4j.opc.PackageRelationshipCollection - Parsing relationship: /_rels/.rels
18:51:34.194 [main] INFO  testCases.TC003_Login_DDT - ******TC003_Login_DDT started*****
18:51:34.439 [main] INFO  testCases.TC003_Login_DDT - ******clicked on myAccount*****
18:51:40.270 [main] INFO  testCases.TC003_Login_DDT - ******TC003_Login_DDT finished*****
18:51:40.294 [main] INFO  testCases.TC003_Login_DDT - ******TC003_Login_DDT started*****
18:51:51.096 [main] INFO  testCases.TC003_Login_DDT - ******clicked on myAccount*****
18:52:08.046 [main] INFO  testCases.TC003_Login_DDT - ******TC003_Login_DDT finished*****
18:52:08.066 [main] INFO  testCases.TC003_Login_DDT - ******TC003_Login_DDT started*****
18:52:08.238 [main] INFO  testCases.TC003_Login_DDT - ******clicked on myAccount*****
18:52:22.820 [main] INFO  testCases.TC003_Login_DDT - ******TC003_Login_DDT finished*****
18:52:22.830 [main] INFO  testCases.TC003_Login_DDT - ******TC003_Login_DDT started*****
18:52:23.143 [main] INFO  testCases.TC003_Login_DDT - ******clicked on myAccount*****
18:52:37.686 [main] INFO  testCases.TC003_Login_DDT - ******TC003_Login_DDT finished*****
18:52:37.700 [main] INFO  testCases.TC003_Login_DDT - ******TC003_Login_DDT started*****
18:52:38.014 [main] INFO  testCases.TC003_Login_DDT - ******clicked on myAccount*****
18:52:52.660 [main] INFO  testCases.TC003_Login_DDT - ******TC003_Login_DDT finished*****
18:56:10.050 [main] DEBUG org.testng.TestNG - suiteXmlPath: "C:\Users\ADMIN\eclipse-workspace\Opencart_v01\grouping.xml"
18:56:10.786 [main] INFO  org.testng.internal.Utils - [TestNG] Running:
  C:\Users\ADMIN\eclipse-workspace\Opencart_v01\grouping.xml

18:56:33.938 [main] INFO  testCases.TC002_LoginTest - *******Login test started*************
18:56:34.347 [main] INFO  testCases.TC002_LoginTest - *******lickMyAccount*************
18:56:34.915 [main] INFO  testCases.TC002_LoginTest - *******login button clicked*************
18:56:36.627 [main] INFO  testCases.TC002_LoginTest - *******Login test ended*************
19:03:38.928 [main] DEBUG org.testng.TestNG - suiteXmlPath: "C:\Users\ADMIN\eclipse-workspace\Opencart_v01\grouping.xml"
19:03:39.936 [main] INFO  org.testng.internal.Utils - [TestNG] Running:
  C:\Users\ADMIN\eclipse-workspace\Opencart_v01\grouping.xml

19:03:52.349 [main] INFO  testCases.TC002_LoginTest - *******Login test started*************
19:03:52.600 [main] INFO  testCases.TC002_LoginTest - *******lickMyAccount*************
19:03:53.155 [main] INFO  testCases.TC002_LoginTest - *******login button clicked*************
19:03:54.513 [main] INFO  testCases.TC002_LoginTest - *******Login test ended*************
19:12:17.495 [main] DEBUG org.testng.TestNG - suiteXmlPath: "C:\Users\ADMIN\eclipse-workspace\Opencart_v01\grouping.xml"
19:12:18.845 [main] INFO  org.testng.internal.Utils - [TestNG] Running:
  C:\Users\ADMIN\eclipse-workspace\Opencart_v01\grouping.xml

19:12:30.876 [main] INFO  testCases.TC002_LoginTest - *******Login test started*************
19:12:31.131 [main] INFO  testCases.TC002_LoginTest - *******lickMyAccount*************
19:12:31.760 [main] INFO  testCases.TC002_LoginTest - *******login button clicked*************
19:12:33.089 [main] INFO  testCases.TC002_LoginTest - *******Login test ended*************
19:19:02.158 [main] DEBUG org.testng.TestNG - suiteXmlPath: "C:\Users\ADMIN\eclipse-workspace\Opencart_v01\grouping.xml"
19:19:02.749 [main] INFO  org.testng.internal.Utils - [TestNG] Running:
  C:\Users\ADMIN\eclipse-workspace\Opencart_v01\grouping.xml

19:19:10.145 [main] INFO  testCases.TC002_LoginTest - *******Login test started*************
19:19:10.408 [main] INFO  testCases.TC002_LoginTest - *******lickMyAccount*************
19:19:11.713 [main] INFO  testCases.TC002_LoginTest - *******login button clicked*************
19:19:13.010 [main] INFO  testCases.TC002_LoginTest - *******Login test ended*************
19:19:41.164 [main] DEBUG org.testng.TestNG - suiteXmlPath: "C:\Users\ADMIN\eclipse-workspace\Opencart_v01\grouping.xml"
19:19:41.772 [main] INFO  org.testng.internal.Utils - [TestNG] Running:
  C:\Users\ADMIN\eclipse-workspace\Opencart_v01\grouping.xml

19:19:48.675 [main] INFO  testCases.TC002_LoginTest - *******Login test started*************
19:19:49.263 [main] INFO  testCases.TC002_LoginTest - *******lickMyAccount*************
19:19:49.800 [main] INFO  testCases.TC002_LoginTest - *******login button clicked*************
19:19:51.769 [main] INFO  testCases.TC002_LoginTest - *******Login test ended*************
19:20:24.028 [main] DEBUG org.testng.TestNG - suiteXmlPath: "C:\Users\ADMIN\eclipse-workspace\Opencart_v01\grouping.xml"
19:20:24.567 [main] INFO  org.testng.internal.Utils - [TestNG] Running:
  C:\Users\ADMIN\eclipse-workspace\Opencart_v01\grouping.xml

19:20:47.932 [main] DEBUG org.testng.TestNG - suiteXmlPath: "C:\Users\ADMIN\eclipse-workspace\Opencart_v01\grouping.xml"
19:20:48.487 [main] INFO  org.testng.internal.Utils - [TestNG] Running:
  C:\Users\ADMIN\eclipse-workspace\Opencart_v01\grouping.xml

19:21:18.755 [main] INFO  testCases.TC002_LoginTest - *******Login test started*************
19:21:19.201 [main] INFO  testCases.TC002_LoginTest - *******lickMyAccount*************
19:21:19.815 [main] INFO  testCases.TC002_LoginTest - *******login button clicked*************
19:21:21.457 [main] INFO  testCases.TC002_LoginTest - *******Login test ended*************
19:33:57.590 [main] DEBUG org.testng.TestNG - suiteXmlPath: "C:\Users\ADMIN\eclipse-workspace\Opencart_v01\master.xml"
19:33:58.803 [main] INFO  org.testng.internal.Utils - [TestNG] Running:
  C:\Users\ADMIN\eclipse-workspace\Opencart_v01\master.xml

19:34:10.244 [main] INFO  testCases.TC002_LoginTest - *******Login test started*************
19:34:10.523 [main] INFO  testCases.TC002_LoginTest - *******lickMyAccount*************
19:34:11.088 [main] INFO  testCases.TC002_LoginTest - *******login button clicked*************
19:34:12.380 [main] INFO  testCases.TC002_LoginTest - *******Login test ended*************
22:28:40.009 [main] DEBUG org.testng.TestNG - suiteXmlPath: "C:\Users\ADMIN\eclipse-workspace\Opencart_v01\master.xml"
22:28:41.300 [main] INFO  org.testng.internal.Utils - [TestNG] Running:
  C:\Users\ADMIN\eclipse-workspace\Opencart_v01\master.xml

22:31:34.066 [main] DEBUG org.testng.TestNG - suiteXmlPath: "C:\Users\ADMIN\eclipse-workspace\Opencart_v01\master.xml"
22:31:34.599 [main] INFO  org.testng.internal.Utils - [TestNG] Running:
  C:\Users\ADMIN\eclipse-workspace\Opencart_v01\master.xml

22:33:18.266 [main] INFO  testCases.TC002_LoginTest - *******Login test started*************
22:33:18.643 [main] INFO  testCases.TC002_LoginTest - *******lickMyAccount*************
22:33:20.711 [main] INFO  testCases.TC002_LoginTest - *******login button clicked*************
22:33:22.141 [main] INFO  testCases.TC002_LoginTest - *******Login test ended*************
22:36:15.949 [main] INFO  testCases.TC002_LoginTest - *******Login test started*************
22:36:17.174 [main] INFO  testCases.TC002_LoginTest - *******lickMyAccount*************
22:36:18.372 [main] INFO  testCases.TC002_LoginTest - *******login button clicked*************
22:36:22.794 [main] INFO  testCases.TC002_LoginTest - *******Login test ended*************
23:11:12.635 [main] DEBUG org.testng.TestNG - suiteXmlPath: "C:\Users\ADMIN\eclipse-workspace\Opencart_v01\grouping.xml"
23:11:13.681 [main] INFO  org.testng.internal.Utils - [TestNG] Running:
  C:\Users\ADMIN\eclipse-workspace\Opencart_v01\grouping.xml

23:11:47.840 [main] INFO  testCases.TC002_LoginTest - *******Login test started*************
23:11:48.124 [main] INFO  testCases.TC002_LoginTest - *******lickMyAccount*************
23:11:48.851 [main] INFO  testCases.TC002_LoginTest - *******login button clicked*************
23:11:50.153 [main] INFO  testCases.TC002_LoginTest - *******Login test ended*************
23:26:32.139 [main] DEBUG org.testng.TestNG - suiteXmlPath: "C:\Users\ADMIN\eclipse-workspace\Opencart_v01\master.xml"
23:26:33.156 [main] INFO  org.testng.internal.Utils - [TestNG] Running:
  C:\Users\ADMIN\eclipse-workspace\Opencart_v01\master.xml

23:27:05.946 [main] INFO  testCases.TC002_LoginTest - *******Login test started*************
23:27:06.232 [main] INFO  testCases.TC002_LoginTest - *******lickMyAccount*************
23:27:07.094 [main] INFO  testCases.TC002_LoginTest - *******login button clicked*************
23:27:09.017 [main] INFO  testCases.TC002_LoginTest - *******Login test ended*************
23:31:45.237 [main] DEBUG org.testng.TestNG - suiteXmlPath: "C:\Users\ADMIN\eclipse-workspace\Opencart_v01\grouping.xml"
23:31:46.272 [main] INFO  org.testng.internal.Utils - [TestNG] Running:
  C:\Users\ADMIN\eclipse-workspace\Opencart_v01\grouping.xml

23:32:26.324 [main] INFO  testCases.TC001_AccountRegistrationTest - ****** TC001_AccountRegistrationTest is started *******
23:32:26.577 [main] INFO  testCases.TC001_AccountRegistrationTest - clicked on my my account link.......
23:32:34.380 [main] INFO  testCases.TC001_AccountRegistrationTest - clicked on register link.....
23:32:34.380 [main] INFO  testCases.TC001_AccountRegistrationTest - ******  providing customer registration details*******
23:32:38.215 [main] INFO  testCases.TC001_AccountRegistrationTest - Validating expected message...
23:32:38.278 [main] INFO  testCases.TC001_AccountRegistrationTest - ****** TC001_AccountRegistrationTest is finished *******
23:33:08.748 [main] INFO  testCases.TC002_LoginTest - *******Login test started*************
23:33:08.924 [main] INFO  testCases.TC002_LoginTest - *******lickMyAccount*************
23:33:09.554 [main] INFO  testCases.TC002_LoginTest - *******login button clicked*************
23:35:25.409 [main] DEBUG org.testng.TestNG - suiteXmlPath: "C:\Users\ADMIN\eclipse-workspace\Opencart_v01\test-output\testng-failed.xml"
23:35:26.074 [main] INFO  org.testng.internal.Utils - [TestNG] Running:
  C:\Users\ADMIN\eclipse-workspace\Opencart_v01\test-output\testng-failed.xml

23:37:12.164 [main] INFO  testCases.TC002_LoginTest - *******Login test started*************
23:37:12.451 [main] INFO  testCases.TC002_LoginTest - *******lickMyAccount*************
23:37:13.145 [main] INFO  testCases.TC002_LoginTest - *******login button clicked*************
23:37:14.483 [main] INFO  testCases.TC002_LoginTest - *******Login test ended*************
23:41:29.800 [main] DEBUG org.testng.TestNG - suiteXmlPath: "C:\Users\ADMIN\eclipse-workspace\Opencart_v01\grouping.xml"
23:41:30.442 [main] INFO  org.testng.internal.Utils - [TestNG] Running:
  C:\Users\ADMIN\eclipse-workspace\Opencart_v01\grouping.xml

23:41:56.831 [main] INFO  testCases.TC001_AccountRegistrationTest - ****** TC001_AccountRegistrationTest is started *******
23:41:57.086 [main] INFO  testCases.TC001_AccountRegistrationTest - clicked on my my account link.......
23:41:59.273 [main] INFO  testCases.TC001_AccountRegistrationTest - clicked on register link.....
23:41:59.273 [main] INFO  testCases.TC001_AccountRegistrationTest - ******  providing customer registration details*******
23:42:01.321 [main] INFO  testCases.TC001_AccountRegistrationTest - Validating expected message...
23:42:01.410 [main] INFO  testCases.TC001_AccountRegistrationTest - Trst failed..
23:42:01.410 [main] DEBUG testCases.TC001_AccountRegistrationTest - Debug logs..
23:42:13.844 [main] INFO  testCases.TC002_LoginTest - *******Login test started*************
23:42:14.090 [main] INFO  testCases.TC002_LoginTest - *******lickMyAccount*************
23:42:14.739 [main] INFO  testCases.TC002_LoginTest - *******login button clicked*************
23:42:16.039 [main] INFO  testCases.TC002_LoginTest - *******Login test ended*************
00:29:47.059 [main] DEBUG org.testng.TestNG - suiteXmlPath: "C:\Users\ADMIN\eclipse-workspace\Opencart_v01\master.xml"
00:29:47.778 [main] INFO  org.testng.internal.Utils - [TestNG] Running:
  C:\Users\ADMIN\eclipse-workspace\Opencart_v01\master.xml

00:30:17.168 [main] INFO  testCases.TC002_LoginTest - *******Login test started*************
00:30:18.088 [main] INFO  testCases.TC002_LoginTest - *******lickMyAccount*************
00:30:18.766 [main] INFO  testCases.TC002_LoginTest - *******login button clicked*************
00:30:20.486 [main] INFO  testCases.TC002_LoginTest - *******Login test ended*************
00:32:31.971 [main] DEBUG org.testng.TestNG - suiteXmlPath: "C:\Users\ADMIN\eclipse-workspace\Opencart_v01\master.xml"
00:32:32.675 [main] INFO  org.testng.internal.Utils - [TestNG] Running:
  C:\Users\ADMIN\eclipse-workspace\Opencart_v01\master.xml

00:32:47.128 [main] INFO  testCases.TC002_LoginTest - *******Login test started*************
00:32:47.398 [main] INFO  testCases.TC002_LoginTest - *******lickMyAccount*************
00:32:48.065 [main] INFO  testCases.TC002_LoginTest - *******login button clicked*************
00:32:49.868 [main] INFO  testCases.TC002_LoginTest - *******Login test ended*************
00:38:10.208 [main] DEBUG org.testng.TestNG - suiteXmlPath: "C:\Users\ADMIN\eclipse-workspace\Opencart_v01\master.xml"
00:38:10.814 [main] INFO  org.testng.internal.Utils - [TestNG] Running:
  C:\Users\ADMIN\eclipse-workspace\Opencart_v01\master.xml

00:38:20.930 [main] INFO  testCases.TC002_LoginTest - *******Login test started*************
00:38:21.292 [main] INFO  testCases.TC002_LoginTest - *******lickMyAccount*************
00:38:21.905 [main] INFO  testCases.TC002_LoginTest - *******login button clicked*************
00:38:23.774 [main] INFO  testCases.TC002_LoginTest - *******Login test ended*************
00:41:12.311 [main] DEBUG org.testng.TestNG - suiteXmlPath: "C:\Users\ADMIN\eclipse-workspace\Opencart_v01\master.xml"
00:41:13.085 [main] INFO  org.testng.internal.Utils - [TestNG] Running:
  C:\Users\ADMIN\eclipse-workspace\Opencart_v01\master.xml

00:41:25.918 [main] INFO  testCases.TC002_LoginTest - *******Login test started*************
00:41:26.234 [main] INFO  testCases.TC002_LoginTest - *******lickMyAccount*************
00:41:27.016 [main] INFO  testCases.TC002_LoginTest - *******login button clicked*************
00:41:28.468 [main] INFO  testCases.TC002_LoginTest - *******Login test ended*************
00:42:41.715 [main] DEBUG org.testng.TestNG - suiteXmlPath: "C:\Users\ADMIN\eclipse-workspace\Opencart_v01\master.xml"
00:42:42.617 [main] INFO  org.testng.internal.Utils - [TestNG] Running:
  C:\Users\ADMIN\eclipse-workspace\Opencart_v01\master.xml

00:42:56.891 [main] INFO  testCases.TC002_LoginTest - *******Login test started*************
00:42:57.158 [main] INFO  testCases.TC002_LoginTest - *******lickMyAccount*************
00:42:58.005 [main] INFO  testCases.TC002_LoginTest - *******login button clicked*************
00:42:59.368 [main] INFO  testCases.TC002_LoginTest - *******Login test ended*************
00:43:35.218 [main] DEBUG org.testng.TestNG - suiteXmlPath: "C:\Users\ADMIN\eclipse-workspace\Opencart_v01\master.xml"
00:43:35.802 [main] INFO  org.testng.internal.Utils - [TestNG] Running:
  C:\Users\ADMIN\eclipse-workspace\Opencart_v01\master.xml

00:44:01.982 [main] INFO  testCases.TC002_LoginTest - *******Login test started*************
00:44:02.259 [main] INFO  testCases.TC002_LoginTest - *******lickMyAccount*************
00:44:03.023 [main] INFO  testCases.TC002_LoginTest - *******login button clicked*************
00:44:04.225 [main] INFO  testCases.TC002_LoginTest - *******Login test ended*************
00:44:25.960 [main] DEBUG org.testng.TestNG - suiteXmlPath: "C:\Users\ADMIN\eclipse-workspace\Opencart_v01\master.xml"
00:44:26.544 [main] INFO  org.testng.internal.Utils - [TestNG] Running:
  C:\Users\ADMIN\eclipse-workspace\Opencart_v01\master.xml

00:44:34.745 [main] INFO  testCases.TC002_LoginTest - *******Login test started*************
00:44:34.977 [main] INFO  testCases.TC002_LoginTest - *******lickMyAccount*************
00:44:35.628 [main] INFO  testCases.TC002_LoginTest - *******login button clicked*************
00:44:37.063 [main] INFO  testCases.TC002_LoginTest - *******Login test ended*************
00:46:48.258 [main] DEBUG org.testng.TestNG - suiteXmlPath: "C:\Users\ADMIN\eclipse-workspace\Opencart_v01\crossbrowserTest.xml"
00:46:49.001 [main] INFO  org.testng.internal.Utils - [TestNG] Running:
  C:\Users\ADMIN\eclipse-workspace\Opencart_v01\crossbrowserTest.xml

00:46:49.797 [TestNG-tests-3] INFO  testCases.TC001_AccountRegistrationTest - ****** TC001_AccountRegistrationTest is started *******
00:46:49.862 [TestNG-tests-3] ERROR testCases.TC001_AccountRegistrationTest - Test faile
00:46:49.862 [TestNG-tests-3] DEBUG testCases.TC001_AccountRegistrationTest - Debug logs
00:47:00.002 [TestNG-tests-1] INFO  testCases.TC001_AccountRegistrationTest - ****** TC001_AccountRegistrationTest is started *******
00:47:00.457 [TestNG-tests-1] INFO  testCases.TC001_AccountRegistrationTest - clicked on my my account link.......
00:47:01.947 [TestNG-tests-1] INFO  testCases.TC001_AccountRegistrationTest - clicked on register link.....
00:47:01.952 [TestNG-tests-1] INFO  testCases.TC001_AccountRegistrationTest - ******  providing customer registration details*******
00:47:04.777 [TestNG-tests-1] INFO  testCases.TC001_AccountRegistrationTest - Validating expected message...
00:47:04.907 [TestNG-tests-1] INFO  testCases.TC001_AccountRegistrationTest - ****** TC001_AccountRegistrationTest is finished *******
00:47:58.223 [TestNG-tests-2] INFO  testCases.TC001_AccountRegistrationTest - ****** TC001_AccountRegistrationTest is started *******
00:47:58.576 [TestNG-tests-2] INFO  testCases.TC001_AccountRegistrationTest - clicked on my my account link.......
00:48:05.068 [TestNG-tests-2] INFO  testCases.TC001_AccountRegistrationTest - clicked on register link.....
00:48:05.069 [TestNG-tests-2] INFO  testCases.TC001_AccountRegistrationTest - ******  providing customer registration details*******
00:48:07.590 [TestNG-tests-2] INFO  testCases.TC001_AccountRegistrationTest - Validating expected message...
00:48:07.686 [TestNG-tests-2] INFO  testCases.TC001_AccountRegistrationTest - ****** TC001_AccountRegistrationTest is finished *******
00:49:06.925 [main] DEBUG org.testng.TestNG - suiteXmlPath: "C:\Users\ADMIN\eclipse-workspace\Opencart_v01\crossbrowserTest.xml"
00:49:07.647 [main] INFO  org.testng.internal.Utils - [TestNG] Running:
  C:\Users\ADMIN\eclipse-workspace\Opencart_v01\crossbrowserTest.xml

00:49:08.434 [TestNG-tests-3] INFO  testCases.TC001_AccountRegistrationTest - ****** TC001_AccountRegistrationTest is started *******
00:49:08.509 [TestNG-tests-3] ERROR testCases.TC001_AccountRegistrationTest - Test faile
00:49:08.509 [TestNG-tests-3] DEBUG testCases.TC001_AccountRegistrationTest - Debug logs
00:49:32.018 [TestNG-tests-1] INFO  testCases.TC001_AccountRegistrationTest - ****** TC001_AccountRegistrationTest is started *******
00:49:32.021 [TestNG-tests-2] INFO  testCases.TC001_AccountRegistrationTest - ****** TC001_AccountRegistrationTest is started *******
00:49:33.265 [TestNG-tests-2] INFO  testCases.TC001_AccountRegistrationTest - clicked on my my account link.......
00:49:34.053 [TestNG-tests-1] INFO  testCases.TC001_AccountRegistrationTest - clicked on my my account link.......
00:49:44.281 [TestNG-tests-2] ERROR testCases.TC001_AccountRegistrationTest - Test faile
00:49:44.281 [TestNG-tests-2] DEBUG testCases.TC001_AccountRegistrationTest - Debug logs
00:49:54.280 [TestNG-tests-1] ERROR testCases.TC001_AccountRegistrationTest - Test faile
00:49:54.280 [TestNG-tests-1] DEBUG testCases.TC001_AccountRegistrationTest - Debug logs
00:50:03.543 [TestNG-tests-1] INFO  testCases.TC002_LoginTest - *******Login test started*************
00:50:04.009 [TestNG-tests-1] INFO  testCases.TC002_LoginTest - *******lickMyAccount*************
00:50:05.408 [TestNG-tests-1] INFO  testCases.TC002_LoginTest - *******login button clicked*************
00:50:07.431 [TestNG-tests-1] INFO  testCases.TC002_LoginTest - *******Login test ended*************
10:39:37.280 [main] DEBUG org.testng.TestNG - suiteXmlPath: "C:\Users\ADMIN\eclipse-workspace\Opencart_v01\grid-docker.xml"
10:39:39.117 [main] INFO  org.testng.internal.Utils - [TestNG] Running:
  C:\Users\ADMIN\eclipse-workspace\Opencart_v01\grid-docker.xml

10:40:20.980 [main] INFO  testCases.TC001_AccountRegistrationTest - ****** TC001_AccountRegistrationTest is started *******
10:40:22.132 [main] INFO  testCases.TC001_AccountRegistrationTest - clicked on my my account link.......
10:40:24.496 [main] INFO  testCases.TC001_AccountRegistrationTest - clicked on register link.....
10:40:24.496 [main] INFO  testCases.TC001_AccountRegistrationTest - ******  providing customer registration details*******
10:40:29.850 [main] INFO  testCases.TC001_AccountRegistrationTest - Validating expected message...
10:40:30.353 [main] INFO  testCases.TC001_AccountRegistrationTest - ****** TC001_AccountRegistrationTest is finished *******
10:41:03.373 [main] INFO  testCases.TC002_LoginTest - *******Login test started*************
10:41:03.917 [main] INFO  testCases.TC002_LoginTest - *******lickMyAccount*************
10:41:05.079 [main] INFO  testCases.TC002_LoginTest - *******login button clicked*************
10:41:08.460 [main] INFO  testCases.TC002_LoginTest - *******Login test ended*************
10:41:34.729 [main] DEBUG org.testng.TestNG - suiteXmlPath: "C:\Users\ADMIN\eclipse-workspace\Opencart_v01\grid-docker.xml"
10:41:35.565 [main] INFO  org.testng.internal.Utils - [TestNG] Running:
  C:\Users\ADMIN\eclipse-workspace\Opencart_v01\grid-docker.xml

10:41:53.238 [main] INFO  testCases.TC001_AccountRegistrationTest - ****** TC001_AccountRegistrationTest is started *******
10:41:53.796 [main] INFO  testCases.TC001_AccountRegistrationTest - clicked on my my account link.......
10:41:55.534 [main] INFO  testCases.TC001_AccountRegistrationTest - clicked on register link.....
10:41:55.535 [main] INFO  testCases.TC001_AccountRegistrationTest - ******  providing customer registration details*******
10:41:58.978 [main] INFO  testCases.TC001_AccountRegistrationTest - Validating expected message...
10:41:59.173 [main] INFO  testCases.TC001_AccountRegistrationTest - ****** TC001_AccountRegistrationTest is finished *******
10:42:25.838 [main] INFO  testCases.TC002_LoginTest - *******Login test started*************
10:42:26.368 [main] INFO  testCases.TC002_LoginTest - *******lickMyAccount*************
10:42:26.943 [main] INFO  testCases.TC002_LoginTest - *******login button clicked*************
10:42:30.107 [main] INFO  testCases.TC002_LoginTest - *******Login test ended*************
10:43:32.256 [main] DEBUG org.testng.TestNG - suiteXmlPath: "C:\Users\ADMIN\eclipse-workspace\Opencart_v01\grid-docker.xml"
10:43:33.543 [main] INFO  org.testng.internal.Utils - [TestNG] Running:
  C:\Users\ADMIN\eclipse-workspace\Opencart_v01\grid-docker.xml

10:43:34.330 [main] INFO  testCases.TC001_AccountRegistrationTest - ****** TC001_AccountRegistrationTest is started *******
10:43:34.378 [main] ERROR testCases.TC001_AccountRegistrationTest - Test faile
10:43:34.379 [main] DEBUG testCases.TC001_AccountRegistrationTest - Debug logs
10:44:03.152 [main] DEBUG org.testng.TestNG - suiteXmlPath: "C:\Users\ADMIN\eclipse-workspace\Opencart_v01\grid-docker.xml"
10:44:03.942 [main] INFO  org.testng.internal.Utils - [TestNG] Running:
  C:\Users\ADMIN\eclipse-workspace\Opencart_v01\grid-docker.xml

10:44:50.427 [main] INFO  testCases.TC001_AccountRegistrationTest - ****** TC001_AccountRegistrationTest is started *******
10:44:51.569 [main] INFO  testCases.TC001_AccountRegistrationTest - clicked on my my account link.......
10:44:55.090 [main] INFO  testCases.TC001_AccountRegistrationTest - clicked on register link.....
10:44:55.090 [main] INFO  testCases.TC001_AccountRegistrationTest - ******  providing customer registration details*******
10:44:58.667 [main] INFO  testCases.TC001_AccountRegistrationTest - Validating expected message...
10:44:58.809 [main] INFO  testCases.TC001_AccountRegistrationTest - Trst failed..
10:44:58.811 [main] DEBUG testCases.TC001_AccountRegistrationTest - Debug logs..
10:45:37.015 [main] INFO  testCases.TC002_LoginTest - *******Login test started*************
10:45:37.544 [main] INFO  testCases.TC002_LoginTest - *******lickMyAccount*************
10:45:38.566 [main] INFO  testCases.TC002_LoginTest - *******login button clicked*************
10:45:43.708 [main] INFO  testCases.TC002_LoginTest - *******Login test ended*************
10:46:34.818 [main] DEBUG org.testng.TestNG - suiteXmlPath: "C:\Users\ADMIN\eclipse-workspace\Opencart_v01\grid-docker.xml"
10:46:36.226 [main] INFO  org.testng.internal.Utils - [TestNG] Running:
  C:\Users\ADMIN\eclipse-workspace\Opencart_v01\grid-docker.xml

10:47:19.734 [main] INFO  testCases.TC001_AccountRegistrationTest - ****** TC001_AccountRegistrationTest is started *******
10:47:20.392 [main] INFO  testCases.TC001_AccountRegistrationTest - clicked on my my account link.......
10:47:23.243 [main] INFO  testCases.TC001_AccountRegistrationTest - clicked on register link.....
10:47:23.243 [main] INFO  testCases.TC001_AccountRegistrationTest - ******  providing customer registration details*******
10:47:27.392 [main] INFO  testCases.TC001_AccountRegistrationTest - Validating expected message...
10:47:27.682 [main] INFO  testCases.TC001_AccountRegistrationTest - Trst failed..
10:47:27.690 [main] DEBUG testCases.TC001_AccountRegistrationTest - Debug logs..
10:47:58.326 [main] INFO  testCases.TC002_LoginTest - *******Login test started*************
10:47:59.484 [main] INFO  testCases.TC002_LoginTest - *******lickMyAccount*************
10:48:00.965 [main] INFO  testCases.TC002_LoginTest - *******login button clicked*************
10:48:02.721 [main] INFO  testCases.TC002_LoginTest - *******Login test ended*************
10:49:37.569 [main] DEBUG org.testng.TestNG - suiteXmlPath: "C:\Users\ADMIN\eclipse-workspace\Opencart_v01\grid-docker.xml"
10:49:38.834 [main] INFO  org.testng.internal.Utils - [TestNG] Running:
  C:\Users\ADMIN\eclipse-workspace\Opencart_v01\grid-docker.xml

10:50:31.435 [main] INFO  testCases.TC001_AccountRegistrationTest - ****** TC001_AccountRegistrationTest is started *******
10:50:33.365 [main] INFO  testCases.TC001_AccountRegistrationTest - clicked on my my account link.......
10:50:36.159 [main] INFO  testCases.TC001_AccountRegistrationTest - clicked on register link.....
10:50:36.159 [main] INFO  testCases.TC001_AccountRegistrationTest - ******  providing customer registration details*******
10:50:42.096 [main] INFO  testCases.TC001_AccountRegistrationTest - Validating expected message...
10:50:43.345 [main] INFO  testCases.TC001_AccountRegistrationTest - Trst failed..
10:50:43.349 [main] DEBUG testCases.TC001_AccountRegistrationTest - Debug logs..
10:51:23.484 [main] INFO  testCases.TC002_LoginTest - *******Login test started*************
10:51:26.748 [main] INFO  testCases.TC002_LoginTest - *******lickMyAccount*************
10:51:30.997 [main] INFO  testCases.TC002_LoginTest - *******login button clicked*************
10:51:37.378 [main] INFO  testCases.TC002_LoginTest - *******Login test ended*************
10:52:19.054 [main] INFO  testCases.TC002_LoginTest - *******Login test started*************
10:52:20.107 [main] INFO  testCases.TC002_LoginTest - *******lickMyAccount*************
10:52:21.124 [main] INFO  testCases.TC002_LoginTest - *******login button clicked*************
10:52:24.532 [main] INFO  testCases.TC002_LoginTest - *******Login test ended*************
11:48:07.135 [main] DEBUG org.testng.TestNG - suiteXmlPath: "C:\Users\ADMIN\eclipse-workspace\Opencart_v01\master.xml"
11:48:07.964 [main] INFO  org.testng.internal.Utils - [TestNG] Running:
  C:\Users\ADMIN\eclipse-workspace\Opencart_v01\master.xml

11:55:38.609 [main] DEBUG org.testng.TestNG - suiteXmlPath: "C:\Users\ADMIN\eclipse-workspace\Opencart_v01\master.xml"
11:55:39.326 [main] INFO  org.testng.internal.Utils - [TestNG] Running:
  C:\Users\ADMIN\eclipse-workspace\Opencart_v01\master.xml

11:59:50.687 [main] DEBUG org.testng.TestNG - suiteXmlPath: "C:\Users\ADMIN\eclipse-workspace\Opencart_v01\master.xml"
11:59:51.531 [main] INFO  org.testng.internal.Utils - [TestNG] Running:
  C:\Users\ADMIN\eclipse-workspace\Opencart_v01\master.xml

12:08:14.034 [main] DEBUG org.testng.TestNG - suiteXmlPath: "C:\Users\ADMIN\eclipse-workspace\Opencart_v01\master.xml"
12:08:14.751 [main] INFO  org.testng.internal.Utils - [TestNG] Running:
  C:\Users\ADMIN\eclipse-workspace\Opencart_v01\master.xml

12:09:26.868 [main] DEBUG org.testng.TestNG - suiteXmlPath: "C:\Users\ADMIN\eclipse-workspace\Opencart_v01\grouping.xml"
12:09:27.443 [main] INFO  org.testng.internal.Utils - [TestNG] Running:
  C:\Users\ADMIN\eclipse-workspace\Opencart_v01\grouping.xml

12:15:15.275 [main] DEBUG org.testng.TestNG - suiteXmlPath: "C:\Users\ADMIN\eclipse-workspace\Opencart_v01\master.xml"
12:15:17.634 [main] INFO  org.testng.internal.Utils - [TestNG] Running:
  C:\Users\ADMIN\eclipse-workspace\Opencart_v01\master.xml

12:19:52.226 [main] DEBUG org.testng.TestNG - suiteXmlPath: "C:\Users\ADMIN\eclipse-workspace\Opencart_v01\master.xml"
12:19:53.011 [main] INFO  org.testng.internal.Utils - [TestNG] Running:
  C:\Users\ADMIN\eclipse-workspace\Opencart_v01\master.xml

12:20:16.520 [main] INFO  testCases.TC002_LoginTest - *******Login test started*************
12:20:17.091 [main] INFO  testCases.TC002_LoginTest - *******lickMyAccount*************
12:20:18.422 [main] INFO  testCases.TC002_LoginTest - *******login button clicked*************
12:20:19.890 [main] INFO  testCases.TC002_LoginTest - *******Login test ended*************
12:22:49.322 [main] DEBUG org.testng.TestNG - suiteXmlPath: "C:\Users\ADMIN\eclipse-workspace\Opencart_v01\master.xml"
12:23:02.020 [main] INFO  testCases.TC002_LoginTest - *******Login test started*************
12:23:02.367 [main] INFO  testCases.TC002_LoginTest - *******lickMyAccount*************
12:23:03.032 [main] INFO  testCases.TC002_LoginTest - *******login button clicked*************
12:23:04.997 [main] INFO  testCases.TC002_LoginTest - *******Login test ended*************
12:47:28.597 [main] DEBUG org.testng.TestNG - suiteXmlPath: "C:\Users\ADMIN\eclipse-workspace\Opencart_v01\master.xml"
12:47:41.042 [main] INFO  testCases.TC002_LoginTest - *******Login test started*************
12:47:41.302 [main] INFO  testCases.TC002_LoginTest - *******lickMyAccount*************
12:47:43.105 [main] INFO  testCases.TC002_LoginTest - *******login button clicked*************
12:47:44.389 [main] INFO  testCases.TC002_LoginTest - *******Login test ended*************
12:55:08.614 [main] DEBUG org.testng.TestNG - suiteXmlPath: "C:\Users\ADMIN\eclipse-workspace\Opencart_v01\master.xml"
12:55:20.978 [main] INFO  testCases.TC002_LoginTest - *******Login test started*************
12:55:22.111 [main] INFO  testCases.TC002_LoginTest - *******lickMyAccount*************
12:55:22.782 [main] INFO  testCases.TC002_LoginTest - *******login button clicked*************
12:55:24.934 [main] INFO  testCases.TC002_LoginTest - *******Login test ended*************
